<?xml version="1.0" encoding="UTF-8"?>
<!-- Generated by org.testng.reporters.JUnitReportReporter -->
<testsuite skipped="0" hostname="HK-SONY-VAIO" name="mavenJenkinsIntegration.VerifyTitle" tests="1" failures="0" timestamp="29 Dec 2018 07:16:52 GMT" time="33.162" errors="0">
  <testcase name="test_1" time="33.162" classname="mavenJenkinsIntegration.VerifyTitle"/>
</testsuite> <!-- mavenJenkinsIntegration.VerifyTitle -->
